<?xml version="1.0" encoding="UTF-8"?>
<testsuite xmlns:xsi="http://www.w3.org/2001/XMLSchema-instance" xsi:noNamespaceSchemaLocation="https://maven.apache.org/surefire/maven-surefire-plugin/xsd/surefire-test-report.xsd" name="com.wongnai.interview.movie.search.SimpleMovieSearchServiceIntegrationTest" time="0.077" tests="5" errors="5" skipped="0" failures="0">
  <properties>
[...]
</properties>
  <testcase name="testFindSingleKeywordContainInTitleWithCaseInsensitive" classname="com.wongnai.interview.movie.search.SimpleMovieSearchServiceIntegrationTest" time="0">
    <error type="java.lang.NullPointerException">java.lang.NullPointerException
	at com.wongnai.interview.movie.search.SimpleMovieSearchServiceIntegrationTest.assertGloriousMovieKeyword(SimpleMovieSearchServiceIntegrationTest.java:30)
	at com.wongnai.interview.movie.search.SimpleMovieSearchServiceIntegrationTest.testFindSingleKeywordContainInTitleWithCaseInsensitive(SimpleMovieSearchServiceIntegrationTest.java:66)
</error>
    <system-out><![CDATA[2019-04-04 18:55:47.136  INFO 5004 --- [           main] .b.t.c.SpringBootTestContextBootstrapper : Neither @ContextConfiguration nor @ContextHierarchy found for test class [com.wongnai.interview.movie.search.SimpleMovieSearchServiceIntegrationTest], using SpringBootContextLoader
2019-04-04 18:55:47.137  INFO 5004 --- [           main] o.s.t.c.support.AbstractContextLoader    : Could not detect default resource locations for test class [com.wongnai.interview.movie.search.SimpleMovieSearchServiceIntegrationTest]: no resource found for suffixes {-context.xml, Context.groovy}.
2019-04-04 18:55:47.137  INFO 5004 --- [           main] t.c.s.AnnotationConfigContextLoaderUtils : Could not detect default configuration classes for test class [com.wongnai.interview.movie.search.SimpleMovieSearchServiceIntegrationTest]: SimpleMovieSearchServiceIntegrationTest does not declare any static, non-private, non-final, nested classes annotated with @Configuration.
2019-04-04 18:55:47.138  INFO 5004 --- [           main] .b.t.c.SpringBootTestContextBootstrapper : Found @SpringBootConfiguration com.wongnai.interview.Application for test class com.wongnai.interview.movie.search.SimpleMovieSearchServiceIntegrationTest
2019-04-04 18:55:47.139  INFO 5004 --- [           main] .b.t.c.SpringBootTestContextBootstrapper : Loaded default TestExecutionListener class names from location [META-INF/spring.factories]: [org.springframework.boot.test.mock.mockito.MockitoTestExecutionListener, org.springframework.boot.test.mock.mockito.ResetMocksTestExecutionListener, org.springframework.boot.test.autoconfigure.restdocs.RestDocsTestExecutionListener, org.springframework.boot.test.autoconfigure.web.client.MockRestServiceServerResetTestExecutionListener, org.springframework.boot.test.autoconfigure.web.servlet.MockMvcPrintOnlyOnFailureTestExecutionListener, org.springframework.boot.test.autoconfigure.web.servlet.WebDriverTestExecutionListener, org.springframework.test.context.web.ServletTestExecutionListener, org.springframework.test.context.support.DirtiesContextBeforeModesTestExecutionListener, org.springframework.test.context.support.DependencyInjectionTestExecutionListener, org.springframework.test.context.support.DirtiesContextTestExecutionListener, org.springframework.test.context.transaction.TransactionalTestExecutionListener, org.springframework.test.context.jdbc.SqlScriptsTestExecutionListener]
2019-04-04 18:55:47.139  INFO 5004 --- [           main] .b.t.c.SpringBootTestContextBootstrapper : Using TestExecutionListeners: [org.springframework.test.context.web.ServletTestExecutionListener@6282f1eb, org.springframework.test.context.support.DirtiesContextBeforeModesTestExecutionListener@120d6cbf, org.springframework.boot.test.mock.mockito.MockitoTestExecutionListener@70169464, org.springframework.boot.test.autoconfigure.SpringBootDependencyInjectionTestExecutionListener@1115be8c, org.springframework.test.context.support.DirtiesContextTestExecutionListener@64ed18ec, org.springframework.test.context.transaction.TransactionalTestExecutionListener@1dfcf85a, org.springframework.test.context.jdbc.SqlScriptsTestExecutionListener@590dea35, org.springframework.boot.test.mock.mockito.ResetMocksTestExecutionListener@6550ce46, org.springframework.boot.test.autoconfigure.restdocs.RestDocsTestExecutionListener@69f69078, org.springframework.boot.test.autoconfigure.web.client.MockRestServiceServerResetTestExecutionListener@13b29b34, org.springframework.boot.test.autoconfigure.web.servlet.MockMvcPrintOnlyOnFailureTestExecutionListener@25589735, org.springframework.boot.test.autoconfigure.web.servlet.WebDriverTestExecutionListener@46994f26]
]]></system-out>
  </testcase>
  <testcase name="testFullMovieNameMustNotMatch" classname="com.wongnai.interview.movie.search.SimpleMovieSearchServiceIntegrationTest" time="0">
    <error type="java.lang.NullPointerException">java.lang.NullPointerException
	at com.wongnai.interview.movie.search.SimpleMovieSearchServiceIntegrationTest.testFullMovieNameMustNotMatch(SimpleMovieSearchServiceIntegrationTest.java:52)
</error>
  </testcase>
  <testcase name="testPartialWordMustNotMatch" classname="com.wongnai.interview.movie.search.SimpleMovieSearchServiceIntegrationTest" time="0">
    <error type="java.lang.NullPointerException">java.lang.NullPointerException
	at com.wongnai.interview.movie.search.SimpleMovieSearchServiceIntegrationTest.testPartialWordMustNotMatch(SimpleMovieSearchServiceIntegrationTest.java:45)
</error>
  </testcase>
  <testcase name="testFindSingleKeywordContainInTitle" classname="com.wongnai.interview.movie.search.SimpleMovieSearchServiceIntegrationTest" time="0">
    <error type="java.lang.NullPointerException">java.lang.NullPointerException
	at com.wongnai.interview.movie.search.SimpleMovieSearchServiceIntegrationTest.assertGloriousMovieKeyword(SimpleMovieSearchServiceIntegrationTest.java:30)
	at com.wongnai.interview.movie.search.SimpleMovieSearchServiceIntegrationTest.testFindSingleKeywordContainInTitle(SimpleMovieSearchServiceIntegrationTest.java:26)
</error>
  </testcase>
  <testcase name="testMultiWordMustNotMatch" classname="com.wongnai.interview.movie.search.SimpleMovieSearchServiceIntegrationTest" time="0">
    <error type="java.lang.NullPointerException">java.lang.NullPointerException
	at com.wongnai.interview.movie.search.SimpleMovieSearchServiceIntegrationTest.testMultiWordMustNotMatch(SimpleMovieSearchServiceIntegrationTest.java:59)
</error>
  </testcase>
</testsuite>